<?xml version="1.0" encoding="UTF-8"?>
<!-- Generated by org.testng.reporters.JUnitReportReporter -->
<testsuite hostname="DESKTOP-TLPUB16" failures="0" tests="2" name="com.api.tests.OrderApi" time="9.082" errors="0" timestamp="2025-07-22T09:55:47 IST" skipped="0">
  <testcase classname="com.api.tests.OrderApi" name="postOrder" time="7.649"/>
  <testcase classname="com.api.tests.OrderApi" name="getOrder" time="1.433"/>
</testsuite> <!-- com.api.tests.OrderApi -->
