<?xml version="1.0" encoding="UTF-8"?>
<!-- Generated by org.testng.reporters.JUnitReportReporter -->
<testsuite hostname="DESKTOP-TLPUB16" failures="0" tests="2" name="com.api.tests.PetApi" time="9.235" errors="0" timestamp="2025-07-22T09:59:56 IST" skipped="0">
  <testcase classname="com.api.tests.PetApi" name="postNewPet" time="7.846"/>
  <testcase classname="com.api.tests.PetApi" name="getNewPet" time="1.389"/>
</testsuite> <!-- com.api.tests.PetApi -->
