<?xml version="1.0" encoding="UTF-8"?>
<!-- Generated by org.testng.reporters.JUnitReportReporter -->
<testsuite hostname="DESKTOP-TLPUB16" failures="0" tests="2" name="com.api.tests.UserApi" time="13.775" errors="0" timestamp="2025-07-22T11:50:26 IST" skipped="0">
  <testcase classname="com.api.tests.UserApi" name="postUser" time="11.945"/>
  <testcase classname="com.api.tests.UserApi" name="getUser" time="1.830"/>
</testsuite> <!-- com.api.tests.UserApi -->
