<?xml version="1.0" encoding="UTF-8"?>
<!-- Generated by org.testng.reporters.JUnitReportReporter -->
<testsuite hostname="DESKTOP-TLPUB16" failures="0" tests="5" name="com.api.tests.PetApi" time="20.822" errors="0" timestamp="2025-07-23T11:38:37 IST" skipped="0">
  <testcase classname="com.api.tests.PetApi" name="postNewPet" time="11.770"/>
  <testcase classname="com.api.tests.PetApi" name="getNewPet" time="1.378"/>
  <testcase classname="com.api.tests.PetApi" name="putPet" time="1.548"/>
  <testcase classname="com.api.tests.PetApi" name="getPetStatus" time="2.170"/>
  <testcase classname="com.api.tests.PetApi" name="deletePet" time="3.956"/>
</testsuite> <!-- com.api.tests.PetApi -->
