<?xml version="1.0" encoding="UTF-8"?>
<!-- Generated by org.testng.reporters.JUnitReportReporter -->
<testsuite hostname="DESKTOP-TLPUB16" failures="0" tests="2" name="com.api.tests.UserApi" time="7.496" errors="0" timestamp="2025-07-24T06:05:08 IST" skipped="0">
  <testcase classname="com.api.tests.UserApi" name="postUser" time="6.185"/>
  <testcase classname="com.api.tests.UserApi" name="getUser" time="1.311"/>
</testsuite> <!-- com.api.tests.UserApi -->
